<?xml version="1.0" encoding="UTF-8"?>
<testng-results skipped="0" failed="0" ignored="0" total="1" passed="1">
  <reporter-output>
  </reporter-output>
  <suite name="Suite" duration-ms="16834" started-at="2022-06-16T20:16:10 IST" finished-at="2022-06-16T20:16:26 IST">
    <groups>
    </groups>
    <test name="Test" duration-ms="16834" started-at="2022-06-16T20:16:10 IST" finished-at="2022-06-16T20:16:26 IST">
      <class name="testActitime1.LaunchBrowser">
        <test-method status="PASS" signature="setUp()[pri:0, instance:testActitime1.LaunchBrowser@490ab905]" name="setUp" is-config="true" duration-ms="7089" started-at="2022-06-16T20:16:10 IST" finished-at="2022-06-16T20:16:17 IST">
          <reporter-output>
          </reporter-output>
        </test-method> <!-- setUp -->
        <test-method status="PASS" signature="loginToACtiTime()[pri:0, instance:testActitime1.LaunchBrowser@490ab905]" name="loginToACtiTime" duration-ms="9589" started-at="2022-06-16T20:16:17 IST" finished-at="2022-06-16T20:16:26 IST">
          <reporter-output>
          </reporter-output>
        </test-method> <!-- loginToACtiTime -->
        <test-method status="PASS" signature="tearDown()[pri:0, instance:testActitime1.LaunchBrowser@490ab905]" name="tearDown" is-config="true" duration-ms="106" started-at="2022-06-16T20:16:26 IST" finished-at="2022-06-16T20:16:26 IST">
          <reporter-output>
          </reporter-output>
        </test-method> <!-- tearDown -->
      </class> <!-- testActitime1.LaunchBrowser -->
    </test> <!-- Test -->
  </suite> <!-- Suite -->
</testng-results>
