<?xml version="1.0" encoding="UTF-8"?>
<testng-results skipped="0" failed="0" ignored="0" total="1" passed="1">
  <reporter-output>
  </reporter-output>
  <suite name="Default suite" duration-ms="19638" started-at="2022-06-16T09:08:50 IST" finished-at="2022-06-16T09:09:09 IST">
    <groups>
    </groups>
    <test name="Default test" duration-ms="19638" started-at="2022-06-16T09:08:50 IST" finished-at="2022-06-16T09:09:09 IST">
      <class name="testActitime1.LaunchBrowser">
        <test-method status="PASS" signature="setUp()[pri:0, instance:testActitime1.LaunchBrowser@4232c52b]" name="setUp" is-config="true" duration-ms="5088" started-at="2022-06-16T09:08:50 IST" finished-at="2022-06-16T09:08:55 IST">
          <reporter-output>
          </reporter-output>
        </test-method> <!-- setUp -->
        <test-method status="PASS" signature="loginToACtiTime()[pri:0, instance:testActitime1.LaunchBrowser@4232c52b]" name="loginToACtiTime" duration-ms="14373" started-at="2022-06-16T09:08:55 IST" finished-at="2022-06-16T09:09:09 IST">
          <reporter-output>
          </reporter-output>
        </test-method> <!-- loginToACtiTime -->
        <test-method status="PASS" signature="tearDown()[pri:0, instance:testActitime1.LaunchBrowser@4232c52b]" name="tearDown" is-config="true" duration-ms="105" started-at="2022-06-16T09:09:09 IST" finished-at="2022-06-16T09:09:09 IST">
          <reporter-output>
          </reporter-output>
        </test-method> <!-- tearDown -->
      </class> <!-- testActitime1.LaunchBrowser -->
    </test> <!-- Default test -->
  </suite> <!-- Default suite -->
</testng-results>
